[debug] [2021-10-28T10:24:54.849Z] ----------------------------------------------------------------------
[debug] [2021-10-28T10:24:54.851Z] Command:       /usr/local/bin/node /usr/local/bin/firebase emulators:start
[debug] [2021-10-28T10:24:54.852Z] CLI Version:   9.21.0
[debug] [2021-10-28T10:24:54.852Z] Platform:      darwin
[debug] [2021-10-28T10:24:54.852Z] Node Version:  v14.16.1
[debug] [2021-10-28T10:24:54.853Z] Time:          Thu Oct 28 2021 14:24:54 GMT+0400 (Georgia Standard Time)
[debug] [2021-10-28T10:24:54.853Z] ----------------------------------------------------------------------
[debug] 
[debug] [2021-10-28T10:24:54.898Z] > command requires scopes: ["email","openid","https://www.googleapis.com/auth/cloudplatformprojects.readonly","https://www.googleapis.com/auth/firebase","https://www.googleapis.com/auth/cloud-platform"]
[debug] [2021-10-28T10:24:54.898Z] > authorizing via signed-in user (linda.giorgadze17b@geolab.edu.ge)
[info] i  emulators: Starting emulators: functions, hosting {"metadata":{"emulator":{"name":"hub"},"message":"Starting emulators: functions, hosting"}}
[debug] [2021-10-28T10:24:54.915Z] [hub] writing locator at /var/folders/nn/1c3w_7fj5p3ctf5qvvsyjgbr0000gn/T/hub-react-app---e-commerce.json
[warn] ⚠  functions: The following emulators are not running, calls to these services from the Functions emulator will affect production: auth, firestore, database, pubsub, storage {"metadata":{"emulator":{"name":"functions"},"message":"The following emulators are not running, calls to these services from the Functions emulator will affect production: \u001b[1mauth, firestore, database, pubsub, storage\u001b[22m"}}
[info] ✔  functions: Using node@14 from host. {"metadata":{"emulator":{"name":"functions"},"message":"Using node@14 from host."}}
[debug] [2021-10-28T10:24:54.955Z] defaultcredentials: writing to file /Users/linda/.config/firebase/linda_giorgadze17b_geolab.edu.ge_application_default_credentials.json
[debug] [2021-10-28T10:24:54.958Z] Setting GAC to /Users/linda/.config/firebase/linda_giorgadze17b_geolab.edu.ge_application_default_credentials.json {"metadata":{"emulator":{"name":"functions"},"message":"Setting GAC to /Users/linda/.config/firebase/linda_giorgadze17b_geolab.edu.ge_application_default_credentials.json"}}
[debug] [2021-10-28T10:24:54.961Z] >>> [apiv2][query] GET https://firebase.googleapis.com/v1beta1/projects/react-app---e-commerce/adminSdkConfig [none]
[debug] [2021-10-28T10:24:55.331Z] <<< [apiv2][status] GET https://firebase.googleapis.com/v1beta1/projects/react-app---e-commerce/adminSdkConfig 200
[debug] [2021-10-28T10:24:55.331Z] <<< [apiv2][body] GET https://firebase.googleapis.com/v1beta1/projects/react-app---e-commerce/adminSdkConfig {"projectId":"react-app---e-commerce","storageBucket":"react-app---e-commerce.appspot.com"}
[debug] [2021-10-28T10:24:55.618Z] >>> [apiv2][query] GET https://firebasehosting.googleapis.com/v1beta1/projects/react-app---e-commerce/sites 
[debug] [2021-10-28T10:24:56.799Z] <<< [apiv2][status] GET https://firebasehosting.googleapis.com/v1beta1/projects/react-app---e-commerce/sites 200
[debug] [2021-10-28T10:24:56.799Z] <<< [apiv2][body] GET https://firebasehosting.googleapis.com/v1beta1/projects/react-app---e-commerce/sites {"sites":[{"name":"projects/214750063216/sites/react-app---e-commerce","defaultUrl":"https://react-app---e-commerce.web.app","type":"DEFAULT_SITE"}]}
[debug] [2021-10-28T10:24:56.799Z] >>> [apiv2][query] GET https://firebase.googleapis.com/v1beta1/projects/react-app---e-commerce/webApps/-/config [none]
[debug] [2021-10-28T10:24:57.521Z] <<< [apiv2][status] GET https://firebase.googleapis.com/v1beta1/projects/react-app---e-commerce/webApps/-/config 200
[debug] [2021-10-28T10:24:57.521Z] <<< [apiv2][body] GET https://firebase.googleapis.com/v1beta1/projects/react-app---e-commerce/webApps/-/config {"projectId":"react-app---e-commerce","storageBucket":"react-app---e-commerce.appspot.com","apiKey":"AIzaSyA7Us9yJDD_73SU4CrQgcDGpH_ctFsVOmw","authDomain":"react-app---e-commerce.firebaseapp.com","messagingSenderId":"214750063216"}
[info] i  hosting: Serving hosting files from: build {"metadata":{"emulator":{"name":"hosting"},"message":"Serving hosting files from: \u001b[1mbuild\u001b[22m"}}
[info] ✔  hosting: Local server: http://localhost:5000 {"metadata":{"emulator":{"name":"hosting"},"message":"Local server: \u001b[4m\u001b[1mhttp://localhost:5000\u001b[22m\u001b[24m"}}
[debug] [2021-10-28T10:24:57.564Z] Ignoring unsupported arg: auto_download {"metadata":{"emulator":{"name":"ui"},"message":"Ignoring unsupported arg: auto_download"}}
[debug] [2021-10-28T10:24:57.564Z] Ignoring unsupported arg: port {"metadata":{"emulator":{"name":"ui"},"message":"Ignoring unsupported arg: port"}}
[debug] [2021-10-28T10:24:57.564Z] Starting Emulator UI with command {"binary":"node","args":["/Users/linda/.cache/firebase/emulators/ui-v1.6.4/server.bundle.js"],"optionalArgs":[],"joinArgs":false} {"metadata":{"emulator":{"name":"ui"},"message":"Starting Emulator UI with command {\"binary\":\"node\",\"args\":[\"/Users/linda/.cache/firebase/emulators/ui-v1.6.4/server.bundle.js\"],\"optionalArgs\":[],\"joinArgs\":false}"}}
[info] i  ui: Emulator UI logging to ui-debug.log {"metadata":{"emulator":{"name":"ui"},"message":"Emulator UI logging to \u001b[1mui-debug.log\u001b[22m"}}
[debug] [2021-10-28T10:24:57.666Z] Web / API server started at localhost:4000
 {"metadata":{"emulator":{"name":"ui"},"message":"Web / API server started at localhost:4000\n"}}
[info] i  functions: Watching "/Users/linda/Desktop/GPC-2021-01/gpc_2021_e-commerce/functions" for Cloud Functions... {"metadata":{"emulator":{"name":"functions"},"message":"Watching \"/Users/linda/Desktop/GPC-2021-01/gpc_2021_e-commerce/functions\" for Cloud Functions..."}}
[debug] [2021-10-28T10:24:57.847Z] [worker-pool] addWorker(~diagnostic~) {"metadata":{"emulator":{"name":"functions"},"message":"[worker-pool] addWorker(~diagnostic~)"}}
[debug] [2021-10-28T10:24:57.848Z] [worker-pool] Adding worker with key ~diagnostic~, total=1 {"metadata":{"emulator":{"name":"functions"},"message":"[worker-pool] Adding worker with key ~diagnostic~, total=1"}}
[debug] [2021-10-28T10:24:57.848Z] [worker-pool] submitWork(triggerId=) {"metadata":{"emulator":{"name":"functions"},"message":"[worker-pool] submitWork(triggerId=)"}}
[debug] [2021-10-28T10:24:57.849Z] [worker-~diagnostic~-d849f81f-3726-4aa5-a663-5c3672f13395]: Assigning socketPath: /var/folders/nn/1c3w_7fj5p3ctf5qvvsyjgbr0000gn/T/fire_emu_57579.sock {"metadata":{"emulator":{"name":"functions"},"message":"[worker-~diagnostic~-d849f81f-3726-4aa5-a663-5c3672f13395]: Assigning socketPath: /var/folders/nn/1c3w_7fj5p3ctf5qvvsyjgbr0000gn/T/fire_emu_57579.sock"}}
[debug] [2021-10-28T10:24:57.849Z] [worker-~diagnostic~-d849f81f-3726-4aa5-a663-5c3672f13395]: BUSY {"metadata":{"emulator":{"name":"functions"},"message":"[worker-~diagnostic~-d849f81f-3726-4aa5-a663-5c3672f13395]: BUSY"}}
[debug] [2021-10-28T10:24:57.980Z] [runtime-status] [57579] Functions runtime initialized. {"cwd":"/Users/linda/Desktop/GPC-2021-01/gpc_2021_e-commerce/functions","node_version":"14.16.1"} {"metadata":{"emulator":{"name":"functions"},"message":"[runtime-status] [57579] Functions runtime initialized. {\"cwd\":\"/Users/linda/Desktop/GPC-2021-01/gpc_2021_e-commerce/functions\",\"node_version\":\"14.16.1\"}"}}
[debug] [2021-10-28T10:24:57.981Z] [runtime-status] [57579] Disabled runtime features: undefined {"metadata":{"emulator":{"name":"functions"},"message":"[runtime-status] [57579] Disabled runtime features: undefined"}}
[debug] [2021-10-28T10:24:57.982Z] [runtime-status] [57579] Resolved module firebase-admin {"declared":true,"installed":true,"version":"9.12.0","resolution":"/Users/linda/Desktop/GPC-2021-01/gpc_2021_e-commerce/functions/node_modules/firebase-admin/lib/index.js"} {"metadata":{"emulator":{"name":"functions"},"message":"[runtime-status] [57579] Resolved module firebase-admin {\"declared\":true,\"installed\":true,\"version\":\"9.12.0\",\"resolution\":\"/Users/linda/Desktop/GPC-2021-01/gpc_2021_e-commerce/functions/node_modules/firebase-admin/lib/index.js\"}"}}
[debug] [2021-10-28T10:24:57.985Z] [runtime-status] [57579] Resolved module firebase-functions {"declared":true,"installed":true,"version":"3.15.7","resolution":"/Users/linda/Desktop/GPC-2021-01/gpc_2021_e-commerce/functions/node_modules/firebase-functions/lib/index.js"} {"metadata":{"emulator":{"name":"functions"},"message":"[runtime-status] [57579] Resolved module firebase-functions {\"declared\":true,\"installed\":true,\"version\":\"3.15.7\",\"resolution\":\"/Users/linda/Desktop/GPC-2021-01/gpc_2021_e-commerce/functions/node_modules/firebase-functions/lib/index.js\"}"}}
[debug] [2021-10-28T10:24:57.986Z] [runtime-status] [57579] Outgoing network have been stubbed. [{"name":"http","status":"mocked"},{"name":"http","status":"mocked"},{"name":"https","status":"mocked"},{"name":"https","status":"mocked"},{"name":"net","status":"mocked"}] {"metadata":{"emulator":{"name":"functions"},"message":"[runtime-status] [57579] Outgoing network have been stubbed. [{\"name\":\"http\",\"status\":\"mocked\"},{\"name\":\"http\",\"status\":\"mocked\"},{\"name\":\"https\",\"status\":\"mocked\"},{\"name\":\"https\",\"status\":\"mocked\"},{\"name\":\"net\",\"status\":\"mocked\"}]"}}
[debug] [2021-10-28T10:24:57.987Z] [runtime-status] [57579] Resolved module firebase-functions {"declared":true,"installed":true,"version":"3.15.7","resolution":"/Users/linda/Desktop/GPC-2021-01/gpc_2021_e-commerce/functions/node_modules/firebase-functions/lib/index.js"} {"metadata":{"emulator":{"name":"functions"},"message":"[runtime-status] [57579] Resolved module firebase-functions {\"declared\":true,\"installed\":true,\"version\":\"3.15.7\",\"resolution\":\"/Users/linda/Desktop/GPC-2021-01/gpc_2021_e-commerce/functions/node_modules/firebase-functions/lib/index.js\"}"}}
[debug] [2021-10-28T10:24:58.014Z] [runtime-status] [57579] Checked functions.config() {"config":{}} {"metadata":{"emulator":{"name":"functions"},"message":"[runtime-status] [57579] Checked functions.config() {\"config\":{}}"}}
[debug] [2021-10-28T10:24:58.014Z] [runtime-status] [57579] firebase-functions has been stubbed. {"functionsResolution":{"declared":true,"installed":true,"version":"3.15.7","resolution":"/Users/linda/Desktop/GPC-2021-01/gpc_2021_e-commerce/functions/node_modules/firebase-functions/lib/index.js"}} {"metadata":{"emulator":{"name":"functions"},"message":"[runtime-status] [57579] firebase-functions has been stubbed. {\"functionsResolution\":{\"declared\":true,\"installed\":true,\"version\":\"3.15.7\",\"resolution\":\"/Users/linda/Desktop/GPC-2021-01/gpc_2021_e-commerce/functions/node_modules/firebase-functions/lib/index.js\"}}"}}
[debug] [2021-10-28T10:24:58.015Z] [runtime-status] [57579] Resolved module firebase-functions {"declared":true,"installed":true,"version":"3.15.7","resolution":"/Users/linda/Desktop/GPC-2021-01/gpc_2021_e-commerce/functions/node_modules/firebase-functions/lib/index.js"} {"metadata":{"emulator":{"name":"functions"},"message":"[runtime-status] [57579] Resolved module firebase-functions {\"declared\":true,\"installed\":true,\"version\":\"3.15.7\",\"resolution\":\"/Users/linda/Desktop/GPC-2021-01/gpc_2021_e-commerce/functions/node_modules/firebase-functions/lib/index.js\"}"}}
[debug] [2021-10-28T10:24:58.015Z] [runtime-status] [57579] Resolved module firebase-admin {"declared":true,"installed":true,"version":"9.12.0","resolution":"/Users/linda/Desktop/GPC-2021-01/gpc_2021_e-commerce/functions/node_modules/firebase-admin/lib/index.js"} {"metadata":{"emulator":{"name":"functions"},"message":"[runtime-status] [57579] Resolved module firebase-admin {\"declared\":true,\"installed\":true,\"version\":\"9.12.0\",\"resolution\":\"/Users/linda/Desktop/GPC-2021-01/gpc_2021_e-commerce/functions/node_modules/firebase-admin/lib/index.js\"}"}}
[debug] [2021-10-28T10:24:58.016Z] [runtime-status] [57579] Resolved module firebase-functions {"declared":true,"installed":true,"version":"3.15.7","resolution":"/Users/linda/Desktop/GPC-2021-01/gpc_2021_e-commerce/functions/node_modules/firebase-functions/lib/index.js"} {"metadata":{"emulator":{"name":"functions"},"message":"[runtime-status] [57579] Resolved module firebase-functions {\"declared\":true,\"installed\":true,\"version\":\"3.15.7\",\"resolution\":\"/Users/linda/Desktop/GPC-2021-01/gpc_2021_e-commerce/functions/node_modules/firebase-functions/lib/index.js\"}"}}
[debug] [2021-10-28T10:24:58.016Z] [runtime-status] [57579] firebase-admin has been stubbed. {"adminResolution":{"declared":true,"installed":true,"version":"9.12.0","resolution":"/Users/linda/Desktop/GPC-2021-01/gpc_2021_e-commerce/functions/node_modules/firebase-admin/lib/index.js"}} {"metadata":{"emulator":{"name":"functions"},"message":"[runtime-status] [57579] firebase-admin has been stubbed. {\"adminResolution\":{\"declared\":true,\"installed\":true,\"version\":\"9.12.0\",\"resolution\":\"/Users/linda/Desktop/GPC-2021-01/gpc_2021_e-commerce/functions/node_modules/firebase-admin/lib/index.js\"}}"}}
[info] 
┌─────────────────────────────────────────────────────────────┐
│ ✔  All emulators ready! It is now safe to connect your app. │
│ i  View Emulator UI at http://localhost:4000                │
└─────────────────────────────────────────────────────────────┘

┌───────────┬────────────────┬─────────────────────────────────┐
│ Emulator  │ Host:Port      │ View in Emulator UI             │
├───────────┼────────────────┼─────────────────────────────────┤
│ Functions │ localhost:5001 │ http://localhost:4000/functions │
├───────────┼────────────────┼─────────────────────────────────┤
│ Hosting   │ localhost:5000 │ n/a                             │
└───────────┴────────────────┴─────────────────────────────────┘
  Emulator Hub running at localhost:4400
  Other reserved ports: 4500

Issues? Report them at https://github.com/firebase/firebase-tools/issues and attach the *-debug.log files.
 
[debug] [2021-10-28T10:24:58.021Z] [worker-~diagnostic~-d849f81f-3726-4aa5-a663-5c3672f13395]: IDLE {"metadata":{"emulator":{"name":"functions"},"message":"[worker-~diagnostic~-d849f81f-3726-4aa5-a663-5c3672f13395]: IDLE"}}
[info] i  hosting: 127.0.0.1 - - [28/Oct/2021:10:26:05 +0000] "GET / HTTP/1.1" 200 4596 "http://localhost:4000/" "Mozilla/5.0 (Macintosh; Intel Mac OS X 10_15_7) AppleWebKit/537.36 (KHTML, like Gecko) Chrome/94.0.4606.81 Safari/537.36" {"metadata":{"emulator":{"name":"hosting"},"message":"127.0.0.1 - - [28/Oct/2021:10:26:05 +0000] \"GET / HTTP/1.1\" 200 4596 \"http://localhost:4000/\" \"Mozilla/5.0 (Macintosh; Intel Mac OS X 10_15_7) AppleWebKit/537.36 (KHTML, like Gecko) Chrome/94.0.4606.81 Safari/537.36\""}}
[info] i  hosting: 127.0.0.1 - - [28/Oct/2021:10:26:05 +0000] "GET /__/firebase/init.js?useEmulator=true HTTP/1.1" 200 - "http://localhost:5000/" "Mozilla/5.0 (Macintosh; Intel Mac OS X 10_15_7) AppleWebKit/537.36 (KHTML, like Gecko) Chrome/94.0.4606.81 Safari/537.36" {"metadata":{"emulator":{"name":"hosting"},"message":"127.0.0.1 - - [28/Oct/2021:10:26:05 +0000] \"GET /__/firebase/init.js?useEmulator=true HTTP/1.1\" 200 - \"http://localhost:5000/\" \"Mozilla/5.0 (Macintosh; Intel Mac OS X 10_15_7) AppleWebKit/537.36 (KHTML, like Gecko) Chrome/94.0.4606.81 Safari/537.36\""}}
[info] i  hosting: 127.0.0.1 - - [28/Oct/2021:10:26:24 +0000] "GET /__/firebase/init.js?useEmulator=true HTTP/1.1" 200 - "http://localhost:5000/" "Mozilla/5.0 (Macintosh; Intel Mac OS X 10_15_7) AppleWebKit/537.36 (KHTML, like Gecko) Chrome/94.0.4606.81 Safari/537.36" {"metadata":{"emulator":{"name":"hosting"},"message":"127.0.0.1 - - [28/Oct/2021:10:26:24 +0000] \"GET /__/firebase/init.js?useEmulator=true HTTP/1.1\" 200 - \"http://localhost:5000/\" \"Mozilla/5.0 (Macintosh; Intel Mac OS X 10_15_7) AppleWebKit/537.36 (KHTML, like Gecko) Chrome/94.0.4606.81 Safari/537.36\""}}
